[INFO] Scanning for projects...
[WARNING] 
[WARNING] Some problems were encountered while building the effective model for com.github.slimefun:Slimefun:jar:2022.09-release
[WARNING] 'dependencies.dependency.systemPath' for com.bekvon.bukkit:residence:jar should not point at files within the project directory, ${project.basedir}/lib/Residence.jar will be unresolvable by dependent projects @ line 1, column 9952
[WARNING] 
[WARNING] It is highly recommended to fix these problems because they threaten the stability of your build.
[WARNING] 
[WARNING] For this reason, future Maven versions might no longer support building such malformed projects.
[WARNING] 
[INFO] 
[INFO] --------------------< com.github.slimefun:Slimefun >--------------------
[INFO] Building Slimefun 2022.09-release
[INFO] --------------------------------[ jar ]---------------------------------
[INFO] Downloading from central: https://repo.maven.apache.org/maven2/org/apache/maven/plugins/maven-surefire-plugin/3.0.0-M6/maven-surefire-plugin-3.0.0-M6.pom
[INFO] Downloaded from central: https://repo.maven.apache.org/maven2/org/apache/maven/plugins/maven-surefire-plugin/3.0.0-M6/maven-surefire-plugin-3.0.0-M6.pom (7.2 kB at 27 kB/s)
[INFO] Downloading from central: https://repo.maven.apache.org/maven2/org/apache/maven/surefire/surefire/3.0.0-M6/surefire-3.0.0-M6.pom
[INFO] Downloaded from central: https://repo.maven.apache.org/maven2/org/apache/maven/surefire/surefire/3.0.0-M6/surefire-3.0.0-M6.pom (23 kB at 1.0 MB/s)
[INFO] Downloading from central: https://repo.maven.apache.org/maven2/org/apache/maven/maven-parent/35/maven-parent-35.pom
[INFO] Downloaded from central: https://repo.maven.apache.org/maven2/org/apache/maven/maven-parent/35/maven-parent-35.pom (0 B at 0 B/s)
[INFO] Downloading from central: https://repo.maven.apache.org/maven2/org/apache/apache/25/apache-25.pom
[INFO] Downloaded from central: https://repo.maven.apache.org/maven2/org/apache/apache/25/apache-25.pom (0 B at 0 B/s)
[INFO] Downloading from central: https://repo.maven.apache.org/maven2/org/apache/maven/plugins/maven-surefire-plugin/3.0.0-M6/maven-surefire-plugin-3.0.0-M6.jar
[INFO] Downloaded from central: https://repo.maven.apache.org/maven2/org/apache/maven/plugins/maven-surefire-plugin/3.0.0-M6/maven-surefire-plugin-3.0.0-M6.jar (44 kB at 1.7 MB/s)
[INFO] Downloading from spigot-repo: https://hub.spigotmc.org/nexus/content/repositories/snapshots/org/maxgamer/QuickShop/5.1.0.7/QuickShop-5.1.0.7.pom
[INFO] Downloading from paper-repo: https://papermc.io/repo/repository/maven-public/org/maxgamer/QuickShop/5.1.0.7/QuickShop-5.1.0.7.pom
[INFO] Downloading from jitpack.io: https://jitpack.io/org/maxgamer/QuickShop/5.1.0.7/QuickShop-5.1.0.7.pom
[INFO] Downloading from worldedit-repo: https://maven.enginehub.org/repo/org/maxgamer/QuickShop/5.1.0.7/QuickShop-5.1.0.7.pom
[INFO] Downloading from placeholderapi-repo: https://repo.extendedclip.com/content/repositories/placeholderapi/org/maxgamer/QuickShop/5.1.0.7/QuickShop-5.1.0.7.pom
[INFO] Downloading from mcmmo-repo: https://nexus.neetgames.com/repository/maven-public/org/maxgamer/QuickShop/5.1.0.7/QuickShop-5.1.0.7.pom
[INFO] Downloading from walshy-public: https://repo.walshy.dev/public/org/maxgamer/QuickShop/5.1.0.7/QuickShop-5.1.0.7.pom
[INFO] Downloading from quickshop-repo: https://repo.codemc.io/repository/maven-public/org/maxgamer/QuickShop/5.1.0.7/QuickShop-5.1.0.7.pom
[INFO] Downloaded from quickshop-repo: https://repo.codemc.io/repository/maven-public/org/maxgamer/QuickShop/5.1.0.7/QuickShop-5.1.0.7.pom (38 kB at 31 kB/s)
[WARNING] The POM for org.maxgamer:QuickShop:jar:5.1.0.7 is invalid, transitive dependencies (if any) will not be available, enable debug logging for more details
[INFO] Downloading from spigot-repo: https://hub.spigotmc.org/nexus/content/repositories/snapshots/org/maxgamer/QuickShop/5.1.0.7/QuickShop-5.1.0.7.jar
[INFO] Downloading from paper-repo: https://papermc.io/repo/repository/maven-public/org/maxgamer/QuickShop/5.1.0.7/QuickShop-5.1.0.7.jar
[INFO] Downloading from jitpack.io: https://jitpack.io/org/maxgamer/QuickShop/5.1.0.7/QuickShop-5.1.0.7.jar
[INFO] Downloading from worldedit-repo: https://maven.enginehub.org/repo/org/maxgamer/QuickShop/5.1.0.7/QuickShop-5.1.0.7.jar
[INFO] Downloading from placeholderapi-repo: https://repo.extendedclip.com/content/repositories/placeholderapi/org/maxgamer/QuickShop/5.1.0.7/QuickShop-5.1.0.7.jar
[INFO] Downloading from mcmmo-repo: https://nexus.neetgames.com/repository/maven-public/org/maxgamer/QuickShop/5.1.0.7/QuickShop-5.1.0.7.jar
[INFO] Downloading from walshy-public: https://repo.walshy.dev/public/org/maxgamer/QuickShop/5.1.0.7/QuickShop-5.1.0.7.jar
[INFO] Downloading from quickshop-repo: https://repo.codemc.io/repository/maven-public/org/maxgamer/QuickShop/5.1.0.7/QuickShop-5.1.0.7.jar
[INFO] Downloaded from quickshop-repo: https://repo.codemc.io/repository/maven-public/org/maxgamer/QuickShop/5.1.0.7/QuickShop-5.1.0.7.jar (1.3 MB at 876 kB/s)
[INFO] 
[INFO] --- maven-clean-plugin:2.5:clean (default-clean) @ Slimefun ---
[INFO] 
[INFO] --- maven-resources-plugin:2.6:resources (default-resources) @ Slimefun ---
[INFO] Using 'UTF-8' encoding to copy filtered resources.
[INFO] Copying 266 resources
[INFO] Copying 1 resource
[INFO] 
[INFO] --- maven-compiler-plugin:3.10.1:compile (default-compile) @ Slimefun ---
[INFO] Changes detected - recompiling the module!
[INFO] Compiling 569 source files to /home/runner/work/guizhan-builds/guizhan-builds/static/f/StarWishsama/Slimefun4/release/workspace/target/classes
[INFO] /home/runner/work/guizhan-builds/guizhan-builds/static/f/StarWishsama/Slimefun4/release/workspace/src/main/java/me/mrCookieSlime/Slimefun/Objects/SlimefunItem/abstractItems/AContainer.java: Some input files use or override a deprecated API.
[INFO] /home/runner/work/guizhan-builds/guizhan-builds/static/f/StarWishsama/Slimefun4/release/workspace/src/main/java/me/mrCookieSlime/Slimefun/Objects/SlimefunItem/abstractItems/AContainer.java: Recompile with -Xlint:deprecation for details.
[INFO] 
[INFO] --- maven-resources-plugin:2.6:testResources (default-testResources) @ Slimefun ---
[INFO] Using 'UTF-8' encoding to copy filtered resources.
[INFO] Copying 6 resources
[INFO] 
[INFO] --- maven-compiler-plugin:3.10.1:testCompile (default-testCompile) @ Slimefun ---
[INFO] Changes detected - recompiling the module!
[INFO] Compiling 98 source files to /home/runner/work/guizhan-builds/guizhan-builds/static/f/StarWishsama/Slimefun4/release/workspace/target/test-classes
[INFO] 
[INFO] --- maven-surefire-plugin:3.0.0-M6:test (default-test) @ Slimefun ---
[INFO] Downloading from central: https://repo.maven.apache.org/maven2/org/apache/maven/surefire/maven-surefire-common/3.0.0-M6/maven-surefire-common-3.0.0-M6.pom
[INFO] Downloaded from central: https://repo.maven.apache.org/maven2/org/apache/maven/surefire/maven-surefire-common/3.0.0-M6/maven-surefire-common-3.0.0-M6.pom (6.5 kB at 498 kB/s)
[INFO] Downloading from central: https://repo.maven.apache.org/maven2/org/apache/maven/surefire/surefire-api/3.0.0-M6/surefire-api-3.0.0-M6.pom
[INFO] Downloaded from central: https://repo.maven.apache.org/maven2/org/apache/maven/surefire/surefire-api/3.0.0-M6/surefire-api-3.0.0-M6.pom (3.4 kB at 136 kB/s)
[INFO] Downloading from central: https://repo.maven.apache.org/maven2/org/apache/maven/surefire/surefire-logger-api/3.0.0-M6/surefire-logger-api-3.0.0-M6.pom
[INFO] Downloaded from central: https://repo.maven.apache.org/maven2/org/apache/maven/surefire/surefire-logger-api/3.0.0-M6/surefire-logger-api-3.0.0-M6.pom (3.7 kB at 284 kB/s)
[INFO] Downloading from central: https://repo.maven.apache.org/maven2/org/apache/maven/surefire/surefire-shared-utils/3.0.0-M6/surefire-shared-utils-3.0.0-M6.pom
[INFO] Downloaded from central: https://repo.maven.apache.org/maven2/org/apache/maven/surefire/surefire-shared-utils/3.0.0-M6/surefire-shared-utils-3.0.0-M6.pom (4.3 kB at 172 kB/s)
[INFO] Downloading from central: https://repo.maven.apache.org/maven2/org/apache/maven/surefire/surefire-extensions-api/3.0.0-M6/surefire-extensions-api-3.0.0-M6.pom
[INFO] Downloaded from central: https://repo.maven.apache.org/maven2/org/apache/maven/surefire/surefire-extensions-api/3.0.0-M6/surefire-extensions-api-3.0.0-M6.pom (4.1 kB at 313 kB/s)
[INFO] Downloading from central: https://repo.maven.apache.org/maven2/org/apache/maven/surefire/surefire-booter/3.0.0-M6/surefire-booter-3.0.0-M6.pom
[INFO] Downloaded from central: https://repo.maven.apache.org/maven2/org/apache/maven/surefire/surefire-booter/3.0.0-M6/surefire-booter-3.0.0-M6.pom (4.7 kB at 315 kB/s)
[INFO] Downloading from central: https://repo.maven.apache.org/maven2/org/apache/maven/surefire/surefire-extensions-spi/3.0.0-M6/surefire-extensions-spi-3.0.0-M6.pom
[INFO] Downloaded from central: https://repo.maven.apache.org/maven2/org/apache/maven/surefire/surefire-extensions-spi/3.0.0-M6/surefire-extensions-spi-3.0.0-M6.pom (1.8 kB at 69 kB/s)
[INFO] Downloading from central: https://repo.maven.apache.org/maven2/org/apache/maven/surefire/maven-surefire-common/3.0.0-M6/maven-surefire-common-3.0.0-M6.jar
[INFO] Downloading from central: https://repo.maven.apache.org/maven2/org/apache/maven/surefire/surefire-api/3.0.0-M6/surefire-api-3.0.0-M6.jar
[INFO] Downloading from central: https://repo.maven.apache.org/maven2/org/apache/maven/surefire/surefire-logger-api/3.0.0-M6/surefire-logger-api-3.0.0-M6.jar
[INFO] Downloading from central: https://repo.maven.apache.org/maven2/org/apache/maven/surefire/surefire-extensions-api/3.0.0-M6/surefire-extensions-api-3.0.0-M6.jar
[INFO] Downloading from central: https://repo.maven.apache.org/maven2/org/apache/maven/surefire/surefire-booter/3.0.0-M6/surefire-booter-3.0.0-M6.jar
[INFO] Downloaded from central: https://repo.maven.apache.org/maven2/org/apache/maven/surefire/surefire-booter/3.0.0-M6/surefire-booter-3.0.0-M6.jar (118 kB at 3.2 MB/s)
[INFO] Downloading from central: https://repo.maven.apache.org/maven2/org/apache/maven/surefire/surefire-extensions-spi/3.0.0-M6/surefire-extensions-spi-3.0.0-M6.jar
[INFO] Downloaded from central: https://repo.maven.apache.org/maven2/org/apache/maven/surefire/maven-surefire-common/3.0.0-M6/maven-surefire-common-3.0.0-M6.jar (307 kB at 5.6 MB/s)
[INFO] Downloading from central: https://repo.maven.apache.org/maven2/org/apache/maven/surefire/surefire-shared-utils/3.0.0-M6/surefire-shared-utils-3.0.0-M6.jar
[INFO] Downloaded from central: https://repo.maven.apache.org/maven2/org/apache/maven/surefire/surefire-extensions-api/3.0.0-M6/surefire-extensions-api-3.0.0-M6.jar (26 kB at 453 kB/s)
[INFO] Downloaded from central: https://repo.maven.apache.org/maven2/org/apache/maven/surefire/surefire-api/3.0.0-M6/surefire-api-3.0.0-M6.jar (167 kB at 2.5 MB/s)
[INFO] Downloaded from central: https://repo.maven.apache.org/maven2/org/apache/maven/surefire/surefire-extensions-spi/3.0.0-M6/surefire-extensions-spi-3.0.0-M6.jar (8.1 kB at 152 kB/s)
[INFO] Downloaded from central: https://repo.maven.apache.org/maven2/org/apache/maven/surefire/surefire-logger-api/3.0.0-M6/surefire-logger-api-3.0.0-M6.jar (14 kB at 128 kB/s)
[INFO] Downloaded from central: https://repo.maven.apache.org/maven2/org/apache/maven/surefire/surefire-shared-utils/3.0.0-M6/surefire-shared-utils-3.0.0-M6.jar (2.1 MB at 15 MB/s)
[INFO] Using auto detected provider org.apache.maven.surefire.junitplatform.JUnitPlatformProvider
[INFO] Downloading from central: https://repo.maven.apache.org/maven2/org/apache/maven/surefire/surefire-junit-platform/3.0.0-M6/surefire-junit-platform-3.0.0-M6.jar
[INFO] Downloaded from central: https://repo.maven.apache.org/maven2/org/apache/maven/surefire/surefire-junit-platform/3.0.0-M6/surefire-junit-platform-3.0.0-M6.jar (26 kB at 2.2 MB/s)
[INFO] Downloading from central: https://repo.maven.apache.org/maven2/org/apache/maven/surefire/surefire-junit-platform/3.0.0-M6/surefire-junit-platform-3.0.0-M6.pom
[INFO] Downloaded from central: https://repo.maven.apache.org/maven2/org/apache/maven/surefire/surefire-junit-platform/3.0.0-M6/surefire-junit-platform-3.0.0-M6.pom (5.3 kB at 407 kB/s)
[INFO] Downloading from central: https://repo.maven.apache.org/maven2/org/apache/maven/surefire/surefire-providers/3.0.0-M6/surefire-providers-3.0.0-M6.pom
[INFO] Downloaded from central: https://repo.maven.apache.org/maven2/org/apache/maven/surefire/surefire-providers/3.0.0-M6/surefire-providers-3.0.0-M6.pom (2.5 kB at 317 kB/s)
[INFO] Downloading from central: https://repo.maven.apache.org/maven2/org/apache/maven/surefire/common-java5/3.0.0-M6/common-java5-3.0.0-M6.pom
[INFO] Downloaded from central: https://repo.maven.apache.org/maven2/org/apache/maven/surefire/common-java5/3.0.0-M6/common-java5-3.0.0-M6.pom (2.7 kB at 299 kB/s)
[INFO] Downloading from central: https://repo.maven.apache.org/maven2/org/apache/maven/surefire/common-java5/3.0.0-M6/common-java5-3.0.0-M6.jar
[INFO] Downloaded from central: https://repo.maven.apache.org/maven2/org/apache/maven/surefire/common-java5/3.0.0-M6/common-java5-3.0.0-M6.jar (17 kB at 2.5 MB/s)
[INFO] 
[INFO] -------------------------------------------------------
[INFO]  T E S T S
[INFO] -------------------------------------------------------
[INFO] Running io.github.thebusybiscuit.slimefun4.implementation.items.backpacks.TestEnderBackpack
SLF4J: No SLF4J providers were found.
SLF4J: Defaulting to no-operation (NOP) logger implementation
SLF4J: See http://www.slf4j.org/codes.html#noProviders for further details.
[INFO] Tests run: 1, Failures: 0, Errors: 0, Skipped: 0, Time elapsed: 2.019 s - in io.github.thebusybiscuit.slimefun4.implementation.items.backpacks.TestEnderBackpack
[INFO] Running io.github.thebusybiscuit.slimefun4.implementation.items.food.TestMeatJerky
[INFO] Tests run: 1, Failures: 0, Errors: 0, Skipped: 0, Time elapsed: 0.101 s - in io.github.thebusybiscuit.slimefun4.implementation.items.food.TestMeatJerky
[INFO] Running io.github.thebusybiscuit.slimefun4.implementation.items.food.TestDietCookie
[INFO] Tests run: 1, Failures: 0, Errors: 0, Skipped: 0, Time elapsed: 0.051 s - in io.github.thebusybiscuit.slimefun4.implementation.items.food.TestDietCookie
[INFO] Running io.github.thebusybiscuit.slimefun4.implementation.items.food.TestMonsterJerky
[INFO] Tests run: 1, Failures: 0, Errors: 0, Skipped: 0, Time elapsed: 0.086 s - in io.github.thebusybiscuit.slimefun4.implementation.items.food.TestMonsterJerky
[INFO] Running io.github.thebusybiscuit.slimefun4.implementation.items.TestDamageableItem
[INFO] Tests run: 2, Failures: 0, Errors: 0, Skipped: 0, Time elapsed: 0.037 s - in io.github.thebusybiscuit.slimefun4.implementation.items.TestDamageableItem
[INFO] Running io.github.thebusybiscuit.slimefun4.implementation.items.autocrafters.TestAbstractRecipe
[INFO] Tests run: 3, Failures: 0, Errors: 0, Skipped: 0, Time elapsed: 0.032 s - in io.github.thebusybiscuit.slimefun4.implementation.items.autocrafters.TestAbstractRecipe
[INFO] Running io.github.thebusybiscuit.slimefun4.implementation.items.TestSlimefunItem
[08:45:52 WARNING]: [Slimefun] 该物品"ANOTHER_WIKI_ITEM"暂未注册, 请在物品注册后再添加Wiki页面
[INFO] Tests run: 10, Failures: 0, Errors: 0, Skipped: 0, Time elapsed: 0.087 s - in io.github.thebusybiscuit.slimefun4.implementation.items.TestSlimefunItem
[INFO] Running io.github.thebusybiscuit.slimefun4.implementation.items.tools.TestTapeMeasure
[INFO] Tests run: 5, Failures: 0, Errors: 0, Skipped: 0, Time elapsed: 0.036 s - in io.github.thebusybiscuit.slimefun4.implementation.items.tools.TestTapeMeasure
[INFO] Running io.github.thebusybiscuit.slimefun4.implementation.items.tools.TestPortableDustbin
[INFO] Tests run: 1, Failures: 0, Errors: 0, Skipped: 0, Time elapsed: 0.014 s - in io.github.thebusybiscuit.slimefun4.implementation.items.tools.TestPortableDustbin
[INFO] Running io.github.thebusybiscuit.slimefun4.implementation.items.tools.TestClimbingPick
[INFO] Tests run: 56, Failures: 0, Errors: 0, Skipped: 0, Time elapsed: 0.189 s - in io.github.thebusybiscuit.slimefun4.implementation.items.tools.TestClimbingPick
[INFO] Running io.github.thebusybiscuit.slimefun4.implementation.items.TestRadioactiveItem
[INFO] Tests run: 5, Failures: 0, Errors: 0, Skipped: 0, Time elapsed: 0.025 s - in io.github.thebusybiscuit.slimefun4.implementation.items.TestRadioactiveItem
[INFO] Running io.github.thebusybiscuit.slimefun4.implementation.listeners.TestSlimefunGuideListener
[INFO] Tests run: 4, Failures: 0, Errors: 0, Skipped: 0, Time elapsed: 0.024 s - in io.github.thebusybiscuit.slimefun4.implementation.listeners.TestSlimefunGuideListener
[INFO] Running io.github.thebusybiscuit.slimefun4.implementation.listeners.TestFireworksListener
[INFO] Tests run: 1, Failures: 0, Errors: 0, Skipped: 0, Time elapsed: 0.023 s - in io.github.thebusybiscuit.slimefun4.implementation.listeners.TestFireworksListener
[INFO] Running io.github.thebusybiscuit.slimefun4.implementation.listeners.TestPiglinListener
[INFO] Tests run: 6, Failures: 0, Errors: 0, Skipped: 0, Time elapsed: 0.738 s - in io.github.thebusybiscuit.slimefun4.implementation.listeners.TestPiglinListener
[INFO] Running io.github.thebusybiscuit.slimefun4.implementation.listeners.TestPlayerProfileListener
[INFO] Tests run: 4, Failures: 0, Errors: 0, Skipped: 0, Time elapsed: 0.036 s - in io.github.thebusybiscuit.slimefun4.implementation.listeners.TestPlayerProfileListener
[INFO] Running io.github.thebusybiscuit.slimefun4.implementation.listeners.TestCraftingTableListener
[INFO] Tests run: 7, Failures: 0, Errors: 0, Skipped: 0, Time elapsed: 0.131 s - in io.github.thebusybiscuit.slimefun4.implementation.listeners.TestCraftingTableListener
[INFO] Running io.github.thebusybiscuit.slimefun4.implementation.listeners.TestMultiblockListener
[INFO] Tests run: 2, Failures: 0, Errors: 0, Skipped: 0, Time elapsed: 0.024 s - in io.github.thebusybiscuit.slimefun4.implementation.listeners.TestMultiblockListener
[INFO] Running io.github.thebusybiscuit.slimefun4.implementation.listeners.TestCargoNodeListener
[INFO] Tests run: 6, Failures: 0, Errors: 0, Skipped: 0, Time elapsed: 0.041 s - in io.github.thebusybiscuit.slimefun4.implementation.listeners.TestCargoNodeListener
[INFO] Running io.github.thebusybiscuit.slimefun4.implementation.listeners.TestAnvilListener
[INFO] Tests run: 3, Failures: 0, Errors: 0, Skipped: 0, Time elapsed: 0.076 s - in io.github.thebusybiscuit.slimefun4.implementation.listeners.TestAnvilListener
[INFO] Running io.github.thebusybiscuit.slimefun4.implementation.listeners.TestIronGolemListener
[INFO] Tests run: 3, Failures: 0, Errors: 0, Skipped: 0, Time elapsed: 0.135 s - in io.github.thebusybiscuit.slimefun4.implementation.listeners.TestIronGolemListener
[INFO] Running io.github.thebusybiscuit.slimefun4.implementation.listeners.TestBeeListener
[INFO] Tests run: 2, Failures: 0, Errors: 0, Skipped: 0, Time elapsed: 0.101 s - in io.github.thebusybiscuit.slimefun4.implementation.listeners.TestBeeListener
[INFO] Running io.github.thebusybiscuit.slimefun4.implementation.listeners.TestCoolerListener
[INFO] Tests run: 2, Failures: 0, Errors: 0, Skipped: 0, Time elapsed: 0.026 s - in io.github.thebusybiscuit.slimefun4.implementation.listeners.TestCoolerListener
[INFO] Running io.github.thebusybiscuit.slimefun4.implementation.listeners.TestNetworkListener
[INFO] Tests run: 2, Failures: 0, Errors: 0, Skipped: 0, Time elapsed: 0.061 s - in io.github.thebusybiscuit.slimefun4.implementation.listeners.TestNetworkListener
[INFO] Running io.github.thebusybiscuit.slimefun4.implementation.listeners.TestSoulboundListener
[INFO] Tests run: 6, Failures: 0, Errors: 0, Skipped: 0, Time elapsed: 0.024 s - in io.github.thebusybiscuit.slimefun4.implementation.listeners.TestSoulboundListener
[INFO] Running io.github.thebusybiscuit.slimefun4.implementation.listeners.TestBrewingStandListener
[INFO] Tests run: 3, Failures: 0, Errors: 0, Skipped: 0, Time elapsed: 0.035 s - in io.github.thebusybiscuit.slimefun4.implementation.listeners.TestBrewingStandListener
[INFO] Running io.github.thebusybiscuit.slimefun4.implementation.listeners.TestSmithingTableListener
[INFO] Tests run: 9, Failures: 0, Errors: 0, Skipped: 0, Time elapsed: 0.02 s - in io.github.thebusybiscuit.slimefun4.implementation.listeners.TestSmithingTableListener
[INFO] Running io.github.thebusybiscuit.slimefun4.implementation.listeners.TestDeathpointListener
[INFO] Tests run: 2, Failures: 0, Errors: 0, Skipped: 0, Time elapsed: 0.056 s - in io.github.thebusybiscuit.slimefun4.implementation.listeners.TestDeathpointListener
[INFO] Running io.github.thebusybiscuit.slimefun4.implementation.listeners.TestCauldronListener
[INFO] Tests run: 6, Failures: 0, Errors: 0, Skipped: 0, Time elapsed: 0.02 s - in io.github.thebusybiscuit.slimefun4.implementation.listeners.TestCauldronListener
[INFO] Running io.github.thebusybiscuit.slimefun4.implementation.listeners.TestGrindstoneListener
[INFO] Tests run: 5, Failures: 0, Errors: 0, Skipped: 0, Time elapsed: 0.04 s - in io.github.thebusybiscuit.slimefun4.implementation.listeners.TestGrindstoneListener
[INFO] Running io.github.thebusybiscuit.slimefun4.implementation.listeners.TestCartographyTableListener
[INFO] Tests run: 2, Failures: 0, Errors: 0, Skipped: 0, Time elapsed: 0.014 s - in io.github.thebusybiscuit.slimefun4.implementation.listeners.TestCartographyTableListener
[INFO] Running io.github.thebusybiscuit.slimefun4.implementation.listeners.TestBackpackListener
[INFO] Tests run: 14, Failures: 0, Errors: 0, Skipped: 0, Time elapsed: 0.08 s - in io.github.thebusybiscuit.slimefun4.implementation.listeners.TestBackpackListener
[INFO] Running io.github.thebusybiscuit.slimefun4.implementation.listeners.TestVillagerTradingListener
[INFO] Tests run: 4, Failures: 0, Errors: 0, Skipped: 0, Time elapsed: 0.032 s - in io.github.thebusybiscuit.slimefun4.implementation.listeners.TestVillagerTradingListener
[INFO] Running io.github.thebusybiscuit.slimefun4.implementation.listeners.TestItemPickupListener
[INFO] Tests run: 8, Failures: 0, Errors: 0, Skipped: 0, Time elapsed: 0.026 s - in io.github.thebusybiscuit.slimefun4.implementation.listeners.TestItemPickupListener
[INFO] Running io.github.thebusybiscuit.slimefun4.implementation.tasks.TestArmorTask
[INFO] Tests run: 5, Failures: 0, Errors: 0, Skipped: 0, Time elapsed: 0.031 s - in io.github.thebusybiscuit.slimefun4.implementation.tasks.TestArmorTask
[INFO] Running io.github.thebusybiscuit.slimefun4.implementation.registration.TestSlimefunItemRegistration
[08:45:54 SEVERE]: [Slimefun] Item "DUPLICATE_ID" from Slimefun v2022.09-release has caused an Error!
[08:45:54 SEVERE]: [Slimefun] You can report it here: https://github.com/StarWishsama/Slimefun4/issues
[08:45:54 SEVERE]: [Slimefun] Registering MockSlimefunItem - 'DUPLICATE_ID' (Slimefun v2022.09-release) has failed!
[INFO] Tests run: 6, Failures: 0, Errors: 0, Skipped: 0, Time elapsed: 0.043 s - in io.github.thebusybiscuit.slimefun4.implementation.registration.TestSlimefunItemRegistration
[INFO] Running io.github.thebusybiscuit.slimefun4.implementation.registration.TestRegistration
[08:45:55 WARNING]: [Slimefun] HerculesPickaxe - 'HERCULES_PICKAXE' (Slimefun v2022.09-release): The inherited Class "io.github.thebusybiscuit.slimefun4.implementation.items.tools.HerculesPickaxe" has been deprecated. Check the documentation for more details!
[08:45:55 WARNING]: [Slimefun] You can report this warning here: https://github.com/StarWishsama/Slimefun4/issues
[08:45:55 INFO]: [Slimefun] 加载 Wiki 页面...
[08:45:55 INFO]: [Slimefun] 加载了 Slimefun 中 486 个物品的 Wiki 页面
[INFO] Tests run: 812, Failures: 0, Errors: 0, Skipped: 0, Time elapsed: 1.149 s - in io.github.thebusybiscuit.slimefun4.implementation.registration.TestRegistration
[INFO] Running io.github.thebusybiscuit.slimefun4.implementation.registration.TestItemGroups
[08:45:56 INFO]: [Slimefun] Parent "slimefun:unregistered" for LockedItemGroup "slimefun:locked" was not found, probably just disabled.
[INFO] Tests run: 8, Failures: 0, Errors: 0, Skipped: 0, Time elapsed: 0.096 s - in io.github.thebusybiscuit.slimefun4.implementation.registration.TestItemGroups
[INFO] Running io.github.thebusybiscuit.slimefun4.implementation.registration.TestItemHandlers
[INFO] Tests run: 3, Failures: 0, Errors: 0, Skipped: 0, Time elapsed: 0.041 s - in io.github.thebusybiscuit.slimefun4.implementation.registration.TestItemHandlers
[INFO] Running io.github.thebusybiscuit.slimefun4.implementation.registration.TestRechargeableItems
[INFO] Tests run: 6, Failures: 0, Errors: 0, Skipped: 0, Time elapsed: 0.091 s - in io.github.thebusybiscuit.slimefun4.implementation.registration.TestRechargeableItems
[INFO] Running io.github.thebusybiscuit.slimefun4.core.commands.TestGuideCommand
[INFO] Tests run: 2, Failures: 0, Errors: 0, Skipped: 0, Time elapsed: 0.05 s - in io.github.thebusybiscuit.slimefun4.core.commands.TestGuideCommand
[INFO] Running io.github.thebusybiscuit.slimefun4.core.commands.TestDebugFishCommand
[INFO] Tests run: 2, Failures: 0, Errors: 0, Skipped: 0, Time elapsed: 0.038 s - in io.github.thebusybiscuit.slimefun4.core.commands.TestDebugFishCommand
[INFO] Running io.github.thebusybiscuit.slimefun4.core.commands.TestChargeCommand
[INFO] Tests run: 1, Failures: 0, Errors: 0, Skipped: 0, Time elapsed: 0.068 s - in io.github.thebusybiscuit.slimefun4.core.commands.TestChargeCommand
[INFO] Running io.github.thebusybiscuit.slimefun4.core.commands.TestResearchCommand
[INFO] Tests run: 3, Failures: 0, Errors: 0, Skipped: 0, Time elapsed: 0.063 s - in io.github.thebusybiscuit.slimefun4.core.commands.TestResearchCommand
[INFO] Running io.github.thebusybiscuit.slimefun4.core.commands.TestBackpackCommand
[INFO] Tests run: 6, Failures: 0, Errors: 0, Skipped: 0, Time elapsed: 0.052 s - in io.github.thebusybiscuit.slimefun4.core.commands.TestBackpackCommand
[INFO] Running io.github.thebusybiscuit.slimefun4.core.networks.TestNetworkManager
[INFO] Tests run: 13, Failures: 0, Errors: 0, Skipped: 0, Time elapsed: 0.127 s - in io.github.thebusybiscuit.slimefun4.core.networks.TestNetworkManager
[INFO] Running io.github.thebusybiscuit.slimefun4.core.debug.TestDebugLogging
[08:45:56 INFO]: [Slimefun] [DEBUG unit-test] Sushi is delicious and TheBusyBiscuit likes it!
[08:45:57 INFO]: [Slimefun] [DEBUG unit-test] Sushi is delicious
[08:45:57 INFO]: [Slimefun] [DEBUG unit-test] Ramen is delicious
[08:45:57 INFO]: [Slimefun] [DEBUG unit-test] {Ramen} is} {delicious }{
[INFO] Tests run: 6, Failures: 0, Errors: 0, Skipped: 0, Time elapsed: 0.422 s - in io.github.thebusybiscuit.slimefun4.core.debug.TestDebugLogging
[INFO] Running io.github.thebusybiscuit.slimefun4.core.multiblocks.TestMultiBlocks
[INFO] Tests run: 7, Failures: 0, Errors: 0, Skipped: 0, Time elapsed: 0.038 s - in io.github.thebusybiscuit.slimefun4.core.multiblocks.TestMultiBlocks
[INFO] Running io.github.thebusybiscuit.slimefun4.core.services.TestCustomTextureService
[INFO] Tests run: 2, Failures: 0, Errors: 0, Skipped: 0, Time elapsed: 0.04 s - in io.github.thebusybiscuit.slimefun4.core.services.TestCustomTextureService
[INFO] Running io.github.thebusybiscuit.slimefun4.core.services.TestBlockDataService
[INFO] Tests run: 2, Failures: 0, Errors: 0, Skipped: 0, Time elapsed: 0.043 s - in io.github.thebusybiscuit.slimefun4.core.services.TestBlockDataService
[INFO] Running io.github.thebusybiscuit.slimefun4.core.services.TestRecipeService
[08:45:57 INFO]: [Slimefun] Collecting Snapshots of all Recipes...
[08:45:57 INFO]: [Slimefun] Found 0 Recipes!
[08:45:57 INFO]: [Slimefun] Collecting Snapshots of all Recipes...
[08:45:57 INFO]: [Slimefun] Found 1 Recipes!
[08:45:57 INFO]: [Slimefun] Collecting Snapshots of all Recipes...
[08:45:57 INFO]: [Slimefun] Found 1 Recipes!
[08:45:57 INFO]: [Slimefun] Collecting Snapshots of all Recipes...
[08:45:57 INFO]: [Slimefun] Found 2 Recipes!
[08:45:57 INFO]: [Slimefun] Collecting Snapshots of all Recipes...
[08:45:57 INFO]: [Slimefun] Found 3 Recipes!
[08:45:57 INFO]: [Slimefun] Collecting Snapshots of all Recipes...
[08:45:57 INFO]: [Slimefun] Found 4 Recipes!
[08:45:57 INFO]: [Slimefun] Collecting Snapshots of all Recipes...
[08:45:57 INFO]: [Slimefun] Found 5 Recipes!
[INFO] Tests run: 7, Failures: 0, Errors: 0, Skipped: 0, Time elapsed: 0.054 s - in io.github.thebusybiscuit.slimefun4.core.services.TestRecipeService
[INFO] Running io.github.thebusybiscuit.slimefun4.core.services.TestItemDataService
[INFO] Tests run: 3, Failures: 0, Errors: 0, Skipped: 0, Time elapsed: 0.084 s - in io.github.thebusybiscuit.slimefun4.core.services.TestItemDataService
[INFO] Running io.github.thebusybiscuit.slimefun4.core.services.TestPermissionsService
[INFO] Tests run: 7, Failures: 0, Errors: 0, Skipped: 0, Time elapsed: 0.036 s - in io.github.thebusybiscuit.slimefun4.core.services.TestPermissionsService
[INFO] Running io.github.thebusybiscuit.slimefun4.core.services.localization.TestColorCodes
[08:45:57 SEVERE]: Cannot load configuration from stream
[08:45:57 SEVERE]: Cannot load configuration from stream
[08:45:57 SEVERE]: Cannot load configuration from stream
[08:45:57 SEVERE]: Cannot load configuration from stream
[08:45:57 SEVERE]: Cannot load configuration from stream
[08:45:57 SEVERE]: Cannot load configuration from stream
[08:45:57 SEVERE]: Cannot load configuration from stream
[08:45:57 SEVERE]: Cannot load configuration from stream
[08:45:57 SEVERE]: Cannot load configuration from stream
[08:45:57 SEVERE]: Cannot load configuration from stream
[08:45:57 SEVERE]: Cannot load configuration from stream
[08:45:57 SEVERE]: Cannot load configuration from stream
[08:45:57 SEVERE]: Cannot load configuration from stream
[08:45:57 SEVERE]: Cannot load configuration from stream
[08:45:57 SEVERE]: Cannot load configuration from stream
[08:45:57 SEVERE]: Cannot load configuration from stream
[08:45:57 SEVERE]: Cannot load configuration from stream
[08:45:57 SEVERE]: Cannot load configuration from stream
[08:45:57 SEVERE]: Cannot load configuration from stream
[08:45:57 SEVERE]: Cannot load configuration from stream
[08:45:57 SEVERE]: Cannot load configuration from stream
[08:45:57 SEVERE]: Cannot load configuration from stream
[08:45:57 SEVERE]: Cannot load configuration from stream
[08:45:57 SEVERE]: Cannot load configuration from stream
[08:45:57 SEVERE]: Cannot load configuration from stream
[08:45:57 SEVERE]: Cannot load configuration from stream
[08:45:57 SEVERE]: Cannot load configuration from stream
[08:45:57 SEVERE]: Cannot load configuration from stream
[08:45:57 SEVERE]: Cannot load configuration from stream
[08:45:57 SEVERE]: Cannot load configuration from stream
[08:45:57 SEVERE]: Cannot load configuration from stream
[08:45:57 SEVERE]: Cannot load configuration from stream
[08:45:57 SEVERE]: Cannot load configuration from stream
[08:45:57 SEVERE]: Cannot load configuration from stream
[08:45:57 SEVERE]: Cannot load configuration from stream
[08:45:57 SEVERE]: Cannot load configuration from stream
[08:45:57 SEVERE]: Cannot load configuration from stream
[08:45:57 SEVERE]: Cannot load configuration from stream
[08:45:58 SEVERE]: Cannot load configuration from stream
[08:45:58 SEVERE]: Cannot load configuration from stream
[08:45:58 SEVERE]: Cannot load configuration from stream
[08:45:58 SEVERE]: Cannot load configuration from stream
[08:45:58 SEVERE]: Cannot load configuration from stream
[08:45:58 SEVERE]: Cannot load configuration from stream
[08:45:58 SEVERE]: Cannot load configuration from stream
[08:45:58 SEVERE]: Cannot load configuration from stream
[08:45:58 SEVERE]: Cannot load configuration from stream
[08:45:58 SEVERE]: Cannot load configuration from stream
[08:45:58 SEVERE]: Cannot load configuration from stream
[08:45:58 SEVERE]: Cannot load configuration from stream
[08:45:58 SEVERE]: Cannot load configuration from stream
[08:45:58 SEVERE]: Cannot load configuration from stream
[08:45:58 SEVERE]: Cannot load configuration from stream
[08:45:58 SEVERE]: Cannot load configuration from stream
[08:45:58 SEVERE]: Cannot load configuration from stream
[08:45:58 SEVERE]: Cannot load configuration from stream
[08:45:58 SEVERE]: Cannot load configuration from stream
[INFO] Tests run: 210, Failures: 0, Errors: 0, Skipped: 0, Time elapsed: 0.585 s - in io.github.thebusybiscuit.slimefun4.core.services.localization.TestColorCodes
[INFO] Running io.github.thebusybiscuit.slimefun4.core.researching.TestProfileResearches
[INFO] Tests run: 3, Failures: 0, Errors: 0, Skipped: 0, Time elapsed: 0.039 s - in io.github.thebusybiscuit.slimefun4.core.researching.TestProfileResearches
[INFO] Running io.github.thebusybiscuit.slimefun4.core.researching.TestResearchUnlocking
[INFO] Tests run: 2, Failures: 0, Errors: 0, Skipped: 0, Time elapsed: 0.112 s - in io.github.thebusybiscuit.slimefun4.core.researching.TestResearchUnlocking
[INFO] Running io.github.thebusybiscuit.slimefun4.core.researching.TestResearches
[INFO] Tests run: 10, Failures: 0, Errors: 0, Skipped: 0, Time elapsed: 0.052 s - in io.github.thebusybiscuit.slimefun4.core.researching.TestResearches
[INFO] Running io.github.thebusybiscuit.slimefun4.core.guide.TestGuideOpening
[INFO] Tests run: 6, Failures: 0, Errors: 0, Skipped: 0, Time elapsed: 0.046 s - in io.github.thebusybiscuit.slimefun4.core.guide.TestGuideOpening
[INFO] Running io.github.thebusybiscuit.slimefun4.utils.TestFireworkUtils
[INFO] Tests run: 4, Failures: 0, Errors: 0, Skipped: 0, Time elapsed: 0.008 s - in io.github.thebusybiscuit.slimefun4.utils.TestFireworkUtils
[INFO] Running io.github.thebusybiscuit.slimefun4.utils.TestSoulboundItem
[INFO] Tests run: 4, Failures: 0, Errors: 0, Skipped: 0, Time elapsed: 0.029 s - in io.github.thebusybiscuit.slimefun4.utils.TestSoulboundItem
[INFO] Running io.github.thebusybiscuit.slimefun4.utils.tags.TestTagParser
[INFO] Tests run: 9, Failures: 0, Errors: 0, Skipped: 0, Time elapsed: 0.044 s - in io.github.thebusybiscuit.slimefun4.utils.tags.TestTagParser
[INFO] Running io.github.thebusybiscuit.slimefun4.utils.tags.TestSlimefunTags
[INFO] Tests run: 7, Failures: 0, Errors: 0, Skipped: 0, Time elapsed: 0.111 s - in io.github.thebusybiscuit.slimefun4.utils.tags.TestSlimefunTags
[INFO] Running io.github.thebusybiscuit.slimefun4.utils.biomes.TestBiomeMapCompatibility
[INFO] Tests run: 32, Failures: 0, Errors: 0, Skipped: 0, Time elapsed: 0.04 s - in io.github.thebusybiscuit.slimefun4.utils.biomes.TestBiomeMapCompatibility
[INFO] Running io.github.thebusybiscuit.slimefun4.utils.biomes.TestBiomeMapParser
[INFO] Tests run: 10, Failures: 0, Errors: 0, Skipped: 0, Time elapsed: 0.045 s - in io.github.thebusybiscuit.slimefun4.utils.biomes.TestBiomeMapParser
[INFO] Running io.github.thebusybiscuit.slimefun4.utils.biomes.TestBiomeMap
[INFO] Tests run: 5, Failures: 0, Errors: 0, Skipped: 0, Time elapsed: 0.026 s - in io.github.thebusybiscuit.slimefun4.utils.biomes.TestBiomeMap
[INFO] Running io.github.thebusybiscuit.slimefun4.utils.TestNumberUtils
[INFO] Tests run: 8, Failures: 0, Errors: 0, Skipped: 0, Time elapsed: 0.01 s - in io.github.thebusybiscuit.slimefun4.utils.TestNumberUtils
[INFO] Running io.github.thebusybiscuit.slimefun4.utils.TestChargeUtils
[INFO] Tests run: 2, Failures: 0, Errors: 0, Skipped: 0, Time elapsed: 0.025 s - in io.github.thebusybiscuit.slimefun4.utils.TestChargeUtils
[INFO] Running io.github.thebusybiscuit.slimefun4.utils.TestMinecraftVersion
[INFO] Tests run: 6, Failures: 0, Errors: 0, Skipped: 0, Time elapsed: 0.004 s - in io.github.thebusybiscuit.slimefun4.utils.TestMinecraftVersion
[INFO] Running io.github.thebusybiscuit.slimefun4.utils.TestLoreComparison
[INFO] Tests run: 8, Failures: 0, Errors: 0, Skipped: 0, Time elapsed: 0.026 s - in io.github.thebusybiscuit.slimefun4.utils.TestLoreComparison
[INFO] Running io.github.thebusybiscuit.slimefun4.utils.TestHeadTextures
[INFO] Tests run: 1, Failures: 0, Errors: 0, Skipped: 0, Time elapsed: 0 s - in io.github.thebusybiscuit.slimefun4.utils.TestHeadTextures
[INFO] Running io.github.thebusybiscuit.slimefun4.utils.TestInfiniteBlockGenerators
[INFO] Tests run: 31, Failures: 0, Errors: 0, Skipped: 0, Time elapsed: 0.062 s - in io.github.thebusybiscuit.slimefun4.utils.TestInfiniteBlockGenerators
[INFO] Running io.github.thebusybiscuit.slimefun4.utils.TestWikiResource
[INFO] Tests run: 1, Failures: 0, Errors: 0, Skipped: 0, Time elapsed: 0.013 s - in io.github.thebusybiscuit.slimefun4.utils.TestWikiResource
[INFO] Running io.github.thebusybiscuit.slimefun4.utils.TestChatUtils
[INFO] Tests run: 3, Failures: 0, Errors: 0, Skipped: 0, Time elapsed: 0.001 s - in io.github.thebusybiscuit.slimefun4.utils.TestChatUtils
[INFO] Running io.github.thebusybiscuit.slimefun4.utils.TestItemStackWrapper
[INFO] Tests run: 6, Failures: 0, Errors: 0, Skipped: 0, Time elapsed: 0.078 s - in io.github.thebusybiscuit.slimefun4.utils.TestItemStackWrapper
[INFO] Running io.github.thebusybiscuit.slimefun4.TestPluginClass
[INFO] Tests run: 5, Failures: 0, Errors: 0, Skipped: 0, Time elapsed: 0.027 s - in io.github.thebusybiscuit.slimefun4.TestPluginClass
[INFO] Running io.github.thebusybiscuit.slimefun4.api.items.settings.TestItemSettings
[INFO] Tests run: 4, Failures: 0, Errors: 0, Skipped: 0, Time elapsed: 0.04 s - in io.github.thebusybiscuit.slimefun4.api.items.settings.TestItemSettings
[INFO] Running io.github.thebusybiscuit.slimefun4.api.items.settings.TestEnumSetting
[INFO] Tests run: 3, Failures: 0, Errors: 0, Skipped: 0, Time elapsed: 0.026 s - in io.github.thebusybiscuit.slimefun4.api.items.settings.TestEnumSetting
[INFO] Running io.github.thebusybiscuit.slimefun4.api.items.settings.TestIntRangeSetting
[INFO] Tests run: 4, Failures: 0, Errors: 0, Skipped: 0, Time elapsed: 0.028 s - in io.github.thebusybiscuit.slimefun4.api.items.settings.TestIntRangeSetting
[INFO] Running io.github.thebusybiscuit.slimefun4.api.items.settings.TestMaterialTagSetting
[INFO] Tests run: 3, Failures: 0, Errors: 0, Skipped: 0, Time elapsed: 0.025 s - in io.github.thebusybiscuit.slimefun4.api.items.settings.TestMaterialTagSetting
[INFO] Running io.github.thebusybiscuit.slimefun4.api.items.settings.TestDoubleRangeSetting
[INFO] Tests run: 4, Failures: 0, Errors: 0, Skipped: 0, Time elapsed: 0.027 s - in io.github.thebusybiscuit.slimefun4.api.items.settings.TestDoubleRangeSetting
[INFO] Running io.github.thebusybiscuit.slimefun4.api.profiles.TestAsyncProfileLoadEvent
[INFO] Tests run: 4, Failures: 0, Errors: 0, Skipped: 0, Time elapsed: 0.106 s - in io.github.thebusybiscuit.slimefun4.api.profiles.TestAsyncProfileLoadEvent
[INFO] Running io.github.thebusybiscuit.slimefun4.api.profiles.TestPlayerProfile
[INFO] Tests run: 7, Failures: 0, Errors: 0, Skipped: 0, Time elapsed: 0.073 s - in io.github.thebusybiscuit.slimefun4.api.profiles.TestPlayerProfile
[INFO] Running io.github.thebusybiscuit.slimefun4.api.profiles.TestPlayerBackpacks
[WARNING] Tests run: 4, Failures: 0, Errors: 0, Skipped: 1, Time elapsed: 0.048 s - in io.github.thebusybiscuit.slimefun4.api.profiles.TestPlayerBackpacks
[INFO] Running io.github.thebusybiscuit.slimefun4.api.profiles.TestGuideHistory
[INFO] Tests run: 6, Failures: 0, Errors: 0, Skipped: 0, Time elapsed: 0.05 s - in io.github.thebusybiscuit.slimefun4.api.profiles.TestGuideHistory
[INFO] Running io.github.thebusybiscuit.slimefun4.api.gps.TestWaypoints
[INFO] Tests run: 7, Failures: 0, Errors: 0, Skipped: 0, Time elapsed: 0.043 s - in io.github.thebusybiscuit.slimefun4.api.gps.TestWaypoints
[INFO] 
[INFO] Results:
[INFO] 
[WARNING] Tests run: 1507, Failures: 0, Errors: 0, Skipped: 1
[INFO] 
[INFO] 
[INFO] --- maven-jar-plugin:2.4:jar (default-jar) @ Slimefun ---
[INFO] Building jar: /home/runner/work/guizhan-builds/guizhan-builds/static/f/StarWishsama/Slimefun4/release/workspace/target/Slimefun-2022.09-release.jar
[INFO] 
[INFO] --- maven-shade-plugin:3.3.0:shade (default) @ Slimefun ---
[INFO] Including io.github.baked-libs:dough-api:jar:1.2.0 in the shaded jar.
[INFO] Including io.papermc:paperlib:jar:1.0.7 in the shaded jar.
[INFO] Including com.konghq:unirest-java:jar:3.13.10 in the shaded jar.
[INFO] Including org.apache.httpcomponents:httpclient:jar:4.5.13 in the shaded jar.
[INFO] Including org.apache.httpcomponents:httpcore:jar:4.4.13 in the shaded jar.
[INFO] Including commons-logging:commons-logging:jar:1.2 in the shaded jar.
[INFO] Including org.apache.httpcomponents:httpmime:jar:4.5.13 in the shaded jar.
[INFO] Including org.apache.httpcomponents:httpcore-nio:jar:4.4.13 in the shaded jar.
[INFO] Including org.apache.httpcomponents:httpasyncclient:jar:4.1.5 in the shaded jar.
[INFO] Including commons-codec:commons-codec:jar:1.15 in the shaded jar.
[INFO] Including commons-lang:commons-lang:jar:2.6 in the shaded jar.
[INFO] Dependency-reduced POM written at: /home/runner/work/guizhan-builds/guizhan-builds/static/f/StarWishsama/Slimefun4/release/workspace/dependency-reduced-pom.xml
[INFO] Replacing original artifact with shaded artifact.
[INFO] Replacing /home/runner/work/guizhan-builds/guizhan-builds/static/f/StarWishsama/Slimefun4/release/workspace/target/Slimefun-2022.09-release.jar with /home/runner/work/guizhan-builds/guizhan-builds/static/f/StarWishsama/Slimefun4/release/workspace/target/Slimefun-2022.09-release-shaded.jar
[INFO] ------------------------------------------------------------------------
[INFO] BUILD SUCCESS
[INFO] ------------------------------------------------------------------------
[INFO] Total time:  34.613 s
[INFO] Finished at: 2022-09-11T08:46:02Z
[INFO] ------------------------------------------------------------------------
